Using pre-set license
Built from '2020.3/staging' branch; Version is '2020.3.13f1 (71691879b7f5) revision 7432472'; Using compiler version '192528614'; Build Type 'Release'
OS: 'Windows 10 Home Single Language; OS build 19043.1288; Version 2009; 64bit' Language: 'en' Physical Memory: 8034 MB
BatchMode: 1, IsHumanControllingUs: 0, StartBugReporterOnCrash: 0, Is64bit: 1, IsPro: 0

 COMMAND LINE ARGUMENTS:
C:\Program Files\Unity\Hub\Editor\2020.3.13f1\Editor\Unity.exe
-adb2
-batchMode
-noUpm
-name
AssetImportWorker0
-projectPath
D:/unity project/lab1.1
-logFile
Logs/AssetImportWorker0.log
-srvPort
63957
Successfully changed project path to: D:/unity project/lab1.1
D:/unity project/lab1.1
Using Asset Import Pipeline V2.
Refreshing native plugins compatible for Editor in 47.14 ms, found 2 plugins.
Preloading 0 native plugins for Editor in 0.00 ms.
Initialize engine version: 2020.3.13f1 (71691879b7f5)
[Subsystems] Discovering subsystems at path C:/Program Files/Unity/Hub/Editor/2020.3.13f1/Editor/Data/Resources/UnitySubsystems
[Subsystems] Discovering subsystems at path D:/unity project/lab1.1/Assets
GfxDevice: creating device client; threaded=0
Direct3D:
    Version:  Direct3D 11.0 [level 11.1]
    Renderer: NVIDIA GeForce GTX 1050 (ID=0x1c91)
    Vendor:   
    VRAM:     2996 MB
    Driver:   27.21.14.5167
Initialize mono
Mono path[0] = 'C:/Program Files/Unity/Hub/Editor/2020.3.13f1/Editor/Data/Managed'
Mono path[1] = 'C:/Program Files/Unity/Hub/Editor/2020.3.13f1/Editor/Data/MonoBleedingEdge/lib/mono/unityjit'
Mono config path = 'C:/Program Files/Unity/Hub/Editor/2020.3.13f1/Editor/Data/MonoBleedingEdge/etc'
Using monoOptions --debugger-agent=transport=dt_socket,embedding=1,server=y,suspend=n,address=127.0.0.1:56708
Begin MonoManager ReloadAssembly
Registering precompiled unity dll's ...
Register platform support module: C:/Program Files/Unity/Hub/Editor/2020.3.13f1/Editor/Data/PlaybackEngines/WindowsStandaloneSupport/UnityEditor.WindowsStandalone.Extensions.dll
Registered in 0.002372 seconds.
Native extension for WindowsStandalone target not found
Refreshing native plugins compatible for Editor in 38.17 ms, found 2 plugins.
Preloading 0 native plugins for Editor in 0.00 ms.
Mono: successfully reloaded assembly
- Completed reload, in  1.140 seconds
Platform modules already initialized, skipping
Registering precompiled user dll's ...
Registered in 0.003223 seconds.
Begin MonoManager ReloadAssembly
Native extension for WindowsStandalone target not found
Refreshing native plugins compatible for Editor in 0.53 ms, found 2 plugins.
Preloading 0 native plugins for Editor in 0.00 ms.
Mono: successfully reloaded assembly
- Completed reload, in  1.022 seconds
Platform modules already initialized, skipping
========================================================================
Worker process is ready to serve import requests
Launched and connected shader compiler UnityShaderCompiler.exe after 0.37 seconds
Refreshing native plugins compatible for Editor in 0.51 ms, found 2 plugins.
Preloading 0 native plugins for Editor in 0.00 ms.
Unloading 1901 Unused Serialized files (Serialized files now loaded: 0)
System memory in use before: 112.0 MB.
System memory in use after: 112.1 MB.

Unloading 18 unused Assets to reduce memory usage. Loaded Objects now: 2367.
Total: 2.333100 ms (FindLiveObjects: 0.204400 ms CreateObjectMapping: 0.058600 ms MarkObjects: 1.980900 ms  DeleteObjects: 0.088100 ms)

AssetImportParameters requested are different than current active one (requested -> active):
  custom:framework-win-MediaFoundation: 216162199b28c13a410421893ffa2e32 -> 
  custom:video-decoder-ogg-theora: a1e56fd34408186e4bbccfd4996cb3dc -> 
  custom:container-muxer-webm: aa71ff27fc2769a1b78a27578f13a17b -> 
  custom:container-demuxer-webm: 4f35f7cbe854078d1ac9338744f61a02 -> 
  custom:container-demuxer-ogg: 62fdf1f143b41e24485cea50d1cbac27 -> 
  custom:video-encoder-webm-vp8: eb34c28f22e8b96e1ab97ce403110664 -> 
  custom:video-decoder-webm-vp8: 9c59270c3fd7afecdb556c50c9e8de78 -> 
  custom:audio-decoder-ogg-vorbis: bf7c407c2cedff20999df2af8eb42d56 -> 
  custom:audio-encoder-webm-vorbis: bf7c407c2cedff20999df2af8eb42d56 -> 
========================================================================
Received Import Request.
  path: Assets/Scenes/level2
  artifactKey: Guid(5090465649cd1b1449885fd2d68111a9) Importer(815301076,1909f56bfc062723c751e8b465ee728b)
Start importing Assets/Scenes/level2 using Guid(5090465649cd1b1449885fd2d68111a9) Importer(815301076,1909f56bfc062723c751e8b465ee728b)  -> (artifact id: '4ae9def457aeee43f610df5822b58472') in 0.007719 seconds 
  Import took 0.012581 seconds .

========================================================================
Received Import Request.
  Time since last request: 85.318127 seconds.
  path: Assets/Scenes/SampleScene.unity
  artifactKey: Guid(9fc0d4010bbf28b4594072e72b8655ab) Importer(815301076,1909f56bfc062723c751e8b465ee728b)
Start importing Assets/Scenes/SampleScene.unity using Guid(9fc0d4010bbf28b4594072e72b8655ab) Importer(815301076,1909f56bfc062723c751e8b465ee728b)  -> (artifact id: 'baacc0ae8dabb85b723818a1a21bca85') in 0.016354 seconds 
  Import took 0.025291 seconds .

========================================================================
Received Import Request.
  Time since last request: 54.054218 seconds.
  path: Assets/Animation
  artifactKey: Guid(d1439dd5bbcd06f48a371ee04e5aca06) Importer(815301076,1909f56bfc062723c751e8b465ee728b)
Start importing Assets/Animation using Guid(d1439dd5bbcd06f48a371ee04e5aca06) Importer(815301076,1909f56bfc062723c751e8b465ee728b)  -> (artifact id: '8b30e63f83e7306077c4bff83f784460') in 0.006613 seconds 
  Import took 0.017143 seconds .

========================================================================
Received Import Request.
  Time since last request: 0.003666 seconds.
  path: Assets/Animation
  artifactKey: Guid(d1439dd5bbcd06f48a371ee04e5aca06) Importer(815301076,1909f56bfc062723c751e8b465ee728b)
Start importing Assets/Animation using Guid(d1439dd5bbcd06f48a371ee04e5aca06) Importer(815301076,1909f56bfc062723c751e8b465ee728b)  -> (artifact id: '8b30e63f83e7306077c4bff83f784460') in 0.005516 seconds 
  Import took 0.010861 seconds .

========================================================================
Received Import Request.
  Time since last request: 1.709160 seconds.
  path: Assets/AS_Casual_Island_Game_Sounds_FREE
  artifactKey: Guid(f9912f26b4bd42041b6d35e3034acfd0) Importer(815301076,1909f56bfc062723c751e8b465ee728b)
Start importing Assets/AS_Casual_Island_Game_Sounds_FREE using Guid(f9912f26b4bd42041b6d35e3034acfd0) Importer(815301076,1909f56bfc062723c751e8b465ee728b)  -> (artifact id: '15669027979034766986509508b248f1') in 0.003970 seconds 
  Import took 0.009868 seconds .

========================================================================
Received Import Request.
  Time since last request: 0.005322 seconds.
  path: Assets/AS_Casual_Island_Game_Sounds_FREE
  artifactKey: Guid(f9912f26b4bd42041b6d35e3034acfd0) Importer(815301076,1909f56bfc062723c751e8b465ee728b)
Start importing Assets/AS_Casual_Island_Game_Sounds_FREE using Guid(f9912f26b4bd42041b6d35e3034acfd0) Importer(815301076,1909f56bfc062723c751e8b465ee728b)  -> (artifact id: '15669027979034766986509508b248f1') in 0.005677 seconds 
  Import took 0.010392 seconds .

========================================================================
Received Import Request.
  Time since last request: 2.446201 seconds.
  path: Assets/Coins Sfx
  artifactKey: Guid(aa3b2fe2aeccc5145a6ac8e1b0d4ef65) Importer(815301076,1909f56bfc062723c751e8b465ee728b)
Start importing Assets/Coins Sfx using Guid(aa3b2fe2aeccc5145a6ac8e1b0d4ef65) Importer(815301076,1909f56bfc062723c751e8b465ee728b)  -> (artifact id: 'e8e7321204dd5563ec6c6a527f97ca86') in 0.004187 seconds 
  Import took 0.009791 seconds .

========================================================================
Received Import Request.
  Time since last request: 0.540343 seconds.
  path: Assets/EazyCamera
  artifactKey: Guid(62f73aa2aaab9964d8bf0e2d2ad0c8a7) Importer(815301076,1909f56bfc062723c751e8b465ee728b)
Start importing Assets/EazyCamera using Guid(62f73aa2aaab9964d8bf0e2d2ad0c8a7) Importer(815301076,1909f56bfc062723c751e8b465ee728b)  -> (artifact id: 'ca3436546a58b14b876ee92ac7e9206b') in 0.007359 seconds 
  Import took 0.013829 seconds .

========================================================================
Received Import Request.
  Time since last request: 0.001182 seconds.
  path: Assets/EazyCamera
  artifactKey: Guid(62f73aa2aaab9964d8bf0e2d2ad0c8a7) Importer(815301076,1909f56bfc062723c751e8b465ee728b)
Start importing Assets/EazyCamera using Guid(62f73aa2aaab9964d8bf0e2d2ad0c8a7) Importer(815301076,1909f56bfc062723c751e8b465ee728b)  -> (artifact id: 'ca3436546a58b14b876ee92ac7e9206b') in 0.004419 seconds 
  Import took 0.009062 seconds .

========================================================================
Received Import Request.
  Time since last request: 5.454104 seconds.
  path: Assets/RawWoodenFurnitureFree
  artifactKey: Guid(5b65d76d6dd5d1f4fb3c74220c942316) Importer(815301076,1909f56bfc062723c751e8b465ee728b)
Start importing Assets/RawWoodenFurnitureFree using Guid(5b65d76d6dd5d1f4fb3c74220c942316) Importer(815301076,1909f56bfc062723c751e8b465ee728b)  -> (artifact id: '96cee8d924a74066a5823f4739044534') in 0.005566 seconds 
  Import took 0.011093 seconds .

========================================================================
Received Import Request.
  Time since last request: 0.004956 seconds.
  path: Assets/RawWoodenFurnitureFree
  artifactKey: Guid(5b65d76d6dd5d1f4fb3c74220c942316) Importer(815301076,1909f56bfc062723c751e8b465ee728b)
Start importing Assets/RawWoodenFurnitureFree using Guid(5b65d76d6dd5d1f4fb3c74220c942316) Importer(815301076,1909f56bfc062723c751e8b465ee728b)  -> (artifact id: '96cee8d924a74066a5823f4739044534') in 0.004683 seconds 
  Import took 0.009482 seconds .

========================================================================
Received Import Request.
  Time since last request: 1.844946 seconds.
  path: Assets/RawWoodenFurnitureFree/Materials
  artifactKey: Guid(a1958159be3342048aa82791a7833a96) Importer(815301076,1909f56bfc062723c751e8b465ee728b)
Start importing Assets/RawWoodenFurnitureFree/Materials using Guid(a1958159be3342048aa82791a7833a96) Importer(815301076,1909f56bfc062723c751e8b465ee728b)  -> (artifact id: 'cfbe2d216661c88ded7e4ff16f5594be') in 0.004926 seconds 
  Import took 0.012054 seconds .

========================================================================
Received Import Request.
  Time since last request: 0.001606 seconds.
  path: Assets/RawWoodenFurnitureFree/Materials
  artifactKey: Guid(a1958159be3342048aa82791a7833a96) Importer(815301076,1909f56bfc062723c751e8b465ee728b)
Start importing Assets/RawWoodenFurnitureFree/Materials using Guid(a1958159be3342048aa82791a7833a96) Importer(815301076,1909f56bfc062723c751e8b465ee728b)  -> (artifact id: 'cfbe2d216661c88ded7e4ff16f5594be') in 0.005332 seconds 
  Import took 0.014896 seconds .

========================================================================
Received Import Request.
  Time since last request: 1.792395 seconds.
  path: Assets/RawWoodenFurnitureFree/Models
  artifactKey: Guid(debd59bb92c6f0d4fae5e9caab816e69) Importer(815301076,1909f56bfc062723c751e8b465ee728b)
Start importing Assets/RawWoodenFurnitureFree/Models using Guid(debd59bb92c6f0d4fae5e9caab816e69) Importer(815301076,1909f56bfc062723c751e8b465ee728b)  -> (artifact id: '18fb31aa341ca089fb28c01ad0f745be') in 0.004895 seconds 
  Import took 0.010290 seconds .

========================================================================
Received Import Request.
  Time since last request: 0.005080 seconds.
  path: Assets/RawWoodenFurnitureFree/Models
  artifactKey: Guid(debd59bb92c6f0d4fae5e9caab816e69) Importer(815301076,1909f56bfc062723c751e8b465ee728b)
Start importing Assets/RawWoodenFurnitureFree/Models using Guid(debd59bb92c6f0d4fae5e9caab816e69) Importer(815301076,1909f56bfc062723c751e8b465ee728b)  -> (artifact id: '18fb31aa341ca089fb28c01ad0f745be') in 0.006069 seconds 
  Import took 0.012379 seconds .

========================================================================
Received Import Request.
  Time since last request: 32.777985 seconds.
  path: Assets/Home.unity
  artifactKey: Guid(ddd9fe98248bee74e88fed4362426deb) Importer(815301076,1909f56bfc062723c751e8b465ee728b)
Start importing Assets/Home.unity using Guid(ddd9fe98248bee74e88fed4362426deb) Importer(815301076,1909f56bfc062723c751e8b465ee728b)  -> (artifact id: '4be31105a378d08d0005a5b86d625ce3') in 0.006538 seconds 
  Import took 0.014531 seconds .

========================================================================
Received Import Request.
  Time since last request: 0.003765 seconds.
  path: Assets/Home.unity
  artifactKey: Guid(ddd9fe98248bee74e88fed4362426deb) Importer(815301076,1909f56bfc062723c751e8b465ee728b)
Start importing Assets/Home.unity using Guid(ddd9fe98248bee74e88fed4362426deb) Importer(815301076,1909f56bfc062723c751e8b465ee728b)  -> (artifact id: '4be31105a378d08d0005a5b86d625ce3') in 0.005210 seconds 
  Import took 0.012373 seconds .

AssetImportWorkerClient::OnTransportError - code=2 error=End of file
